<?xml version="1.0" encoding="UTF-8"?>
<!-- Generated by org.testng.reporters.JUnitReportReporter -->
<testsuite skipped="0" hostname="Sergeys-MacBook-Pro.local" name="com.qa.test.GetApiTest" tests="2" failures="0" timestamp="03 Aug 2018 21:39:53 GMT" time="1.032" errors="0">
  <testcase name="getTest" time="0.798" classname="com.qa.test.GetApiTest"/>
  <testcase name="getTestWithHeaders" time="0.234" classname="com.qa.test.GetApiTest"/>
</testsuite> <!-- com.qa.test.GetApiTest -->
