<?xml version="1.0" encoding="UTF-8"?>
<!-- Generated by org.testng.reporters.JUnitReportReporter -->
<testsuite skipped="0" hostname="Sergeys-MacBook-Pro.local" name="com.qa.test.PostApiTest" tests="1" failures="0" timestamp="05 Aug 2018 23:32:23 GMT" time="0.969" errors="0">
  <testcase name="postTest" time="0.969" classname="com.qa.test.PostApiTest"/>
</testsuite> <!-- com.qa.test.PostApiTest -->
